npm verbose cli C:\Program Files\nodejs\node.exe C:\Program Files\nodejs\node_modules\npm\bin\npm-cli.js
npm info using npm@10.9.0
npm info using node@v22.11.0
npm verbose title npm install
npm verbose argv "install" "--legacy-peer-deps" "--loglevel" "verbose"
npm verbose logfile logs-max:10 dir:C:\Users\Premiersoft\AppData\Local\npm-cache\_logs\2025-01-08T14_36_58_326Z-
npm verbose logfile C:\Users\Premiersoft\AppData\Local\npm-cache\_logs\2025-01-08T14_36_58_326Z-debug-0.log
npm http fetch GET 200 https://registry.npmjs.org/browserstack-cypress-cli 275ms (cache updated)
npm http fetch GET 200 https://registry.npmjs.org/cypress 1129ms (cache updated)
npm http fetch GET 200 https://registry.npmjs.org/async 87ms (cache updated)
npm http fetch GET 200 https://registry.npmjs.org/archiver 108ms (cache updated)
npm http fetch GET 200 https://registry.npmjs.org/axios-retry 131ms (cache updated)
npm http fetch GET 200 https://registry.npmjs.org/git-last-commit 156ms (cache updated)
npm http fetch GET 200 https://registry.npmjs.org/gitconfiglocal 56ms (cache updated)
npm http fetch GET 200 https://registry.npmjs.org/form-data 166ms (cache updated)
npm http fetch GET 200 https://registry.npmjs.org/browserstack-local 173ms (cache updated)
npm http fetch GET 200 https://registry.npmjs.org/chalk 176ms (cache updated)
npm http fetch GET 200 https://registry.npmjs.org/cli-progress 179ms (cache updated)
npm http fetch GET 200 https://registry.npmjs.org/git-repo-info 100ms (cache updated)
npm http fetch GET 200 https://registry.npmjs.org/axios 201ms (cache updated)
npm http fetch GET 200 https://registry.npmjs.org/getmac 216ms (cache updated)
npm http fetch GET 200 https://registry.npmjs.org/glob 106ms (cache updated)
npm http fetch GET 200 https://registry.npmjs.org/mkdirp 82ms (cache updated)
npm http fetch GET 200 https://registry.npmjs.org/update-notifier 77ms (cache updated)
npm http fetch GET 200 https://registry.npmjs.org/node-ipc 100ms (cache updated)
npm http fetch GET 200 https://registry.npmjs.org/windows-release 87ms (cache updated)
npm http fetch GET 200 https://registry.npmjs.org/uuid 101ms (cache updated)
npm http fetch GET 200 https://registry.npmjs.org/chalk 14ms (cache hit)
npm http fetch GET 200 https://registry.npmjs.org/table 119ms (cache updated)
npm http fetch GET 200 https://registry.npmjs.org/winston 100ms (cache updated)
npm http fetch GET 200 https://registry.npmjs.org/tmp 62ms (cache updated)
npm http fetch GET 200 https://registry.npmjs.org/unzipper 133ms (cache updated)
npm http fetch GET 200 https://registry.npmjs.org/decompress 139ms (cache updated)
npm http fetch GET 200 https://registry.npmjs.org/yauzl 65ms (cache updated)
npm http fetch GET 200 https://registry.npmjs.org/arch 156ms (cache updated)
npm http fetch GET 200 https://registry.npmjs.org/yargs 203ms (cache updated)
npm http fetch GET 200 https://registry.npmjs.org/listr2 92ms (cache updated)
npm http fetch GET 200 https://registry.npmjs.org/dayjs 200ms (cache updated)
npm http fetch GET 200 https://registry.npmjs.org/execa 209ms (cache updated)
npm http fetch GET 200 https://registry.npmjs.org/getos 201ms (cache updated)
npm http fetch GET 200 https://registry.npmjs.org/ci-info 53ms (cache updated)
npm http fetch GET 200 https://registry.npmjs.org/mocha 393ms (cache updated)
npm http fetch GET 200 https://registry.npmjs.org/debug 298ms (cache updated)
npm http fetch GET 200 https://registry.npmjs.org/ospath 170ms (cache updated)
npm http fetch GET 200 https://registry.npmjs.org/cachedir 66ms (cache updated)
npm http fetch GET 200 https://registry.npmjs.org/process 97ms (cache updated)
npm http fetch GET 200 https://registry.npmjs.org/figures 119ms (cache updated)
npm http fetch GET 200 https://registry.npmjs.org/semver 180ms (cache updated)
npm http fetch GET 200 https://registry.npmjs.org/lodash 232ms (cache updated)
npm http fetch GET 200 https://registry.npmjs.org/buffer 240ms (cache updated)
npm http fetch GET 200 https://registry.npmjs.org/bluebird 121ms (cache updated)
npm http fetch GET 200 https://registry.npmjs.org/enquirer 74ms (cache updated)
npm http fetch GET 200 https://registry.npmjs.org/lazy-ass 82ms (cache updated)
npm http fetch GET 200 https://registry.npmjs.org/commander 81ms (cache updated)
npm http fetch GET 200 https://registry.npmjs.org/tree-kill 77ms (cache updated)
npm http fetch GET 200 https://registry.npmjs.org/blob-util 91ms (cache updated)
npm http fetch GET 200 https://registry.npmjs.org/untildify 80ms (cache updated)
npm http fetch GET 200 https://registry.npmjs.org/cli-cursor 84ms (cache updated)
npm http fetch GET 200 https://registry.npmjs.org/cli-table3 77ms (cache updated)
npm http fetch GET 200 https://registry.npmjs.org/minimist 111ms (cache updated)
npm http fetch GET 200 https://registry.npmjs.org/executable 63ms (cache updated)
npm http fetch GET 200 https://registry.npmjs.org/common-tags 68ms (cache updated)
npm http fetch GET 200 https://registry.npmjs.org/extract-zip 64ms (cache updated)
npm http fetch GET 200 https://registry.npmjs.org/eventemitter2 61ms (cache updated)
npm http fetch GET 200 https://registry.npmjs.org/log-symbols 79ms (cache updated)
npm http fetch GET 200 https://registry.npmjs.org/proxy-from-env 61ms (cache updated)
npm http fetch GET 200 https://registry.npmjs.org/supports-color 60ms (cache updated)
npm http fetch GET 200 https://registry.npmjs.org/pretty-bytes 88ms (cache updated)
npm http fetch GET 200 https://registry.npmjs.org/@types%2fsizzle 87ms (cache updated)
npm http fetch GET 200 https://registry.npmjs.org/@cypress%2fxvfb 96ms (cache updated)
npm http fetch GET 200 https://registry.npmjs.org/fs-extra 798ms (cache updated)
npm http fetch GET 200 https://registry.npmjs.org/check-more-types 59ms (cache updated)
npm http fetch GET 200 https://registry.npmjs.org/@cypress%2frequest 80ms (cache updated)
npm http fetch GET 200 https://registry.npmjs.org/is-installed-globally 68ms (cache updated)
npm http fetch GET 200 https://registry.npmjs.org/@types%2fsinonjs__fake-timers 68ms (cache updated)
npm http fetch GET 200 https://registry.npmjs.org/request-progress 86ms (cache updated)
npm http fetch GET 200 https://registry.npmjs.org/fs-extra 721ms (cache updated)
npm http fetch GET 200 https://registry.npmjs.org/async 17ms (cache hit)
npm http fetch GET 200 https://registry.npmjs.org/proxy-from-env 24ms (cache hit)
npm http fetch GET 200 https://registry.npmjs.org/readdir-glob 73ms (cache updated)
npm http fetch GET 200 https://registry.npmjs.org/zip-stream 80ms (cache updated)
npm http fetch GET 200 https://registry.npmjs.org/archiver-utils 82ms (cache updated)
npm http fetch GET 200 https://registry.npmjs.org/tar-stream 85ms (cache updated)
npm http fetch GET 200 https://registry.npmjs.org/follow-redirects 89ms (cache updated)
npm http fetch GET 200 https://registry.npmjs.org/readable-stream 100ms (cache updated)
npm http fetch GET 200 https://registry.npmjs.org/temp-fs 79ms (cache updated)
npm http fetch GET 200 https://registry.npmjs.org/ps-tree 85ms (cache updated)
npm http fetch GET 200 https://registry.npmjs.org/is-retry-allowed 104ms (cache updated)
npm http fetch GET 200 https://registry.npmjs.org/supports-color 16ms (cache hit)
npm http fetch GET 200 https://registry.npmjs.org/buffer-crc32 113ms (cache updated)
npm http fetch GET 200 https://registry.npmjs.org/@babel%2fruntime 133ms (cache updated)
npm http fetch GET 200 https://registry.npmjs.org/is-running 70ms (cache updated)
npm http fetch GET 200 https://registry.npmjs.org/agent-base 81ms (cache updated)
npm http fetch GET 200 https://registry.npmjs.org/https-proxy-agent 81ms (cache updated)
npm http fetch GET 200 https://registry.npmjs.org/ansi-styles 78ms (cache updated)
npm http fetch GET 200 https://registry.npmjs.org/decompress-tar 67ms (cache updated)
npm http fetch GET 200 https://registry.npmjs.org/decompress-tarbz2 71ms (cache updated)
npm http fetch GET 200 https://registry.npmjs.org/decompress-targz 71ms (cache updated)
npm http fetch GET 200 https://registry.npmjs.org/decompress-unzip 70ms (cache updated)
npm http fetch GET 200 https://registry.npmjs.org/string-width 89ms (cache updated)
npm http fetch GET 200 https://registry.npmjs.org/make-dir 60ms (cache updated)
npm http fetch GET 200 https://registry.npmjs.org/strip-dirs 50ms (cache updated)
npm http fetch GET 200 https://registry.npmjs.org/pify 63ms (cache updated)
npm http fetch GET 200 https://registry.npmjs.org/asynckit 57ms (cache updated)
npm http fetch GET 200 https://registry.npmjs.org/graceful-fs 125ms (cache updated)
npm http fetch GET 200 https://registry.npmjs.org/combined-stream 77ms (cache updated)
npm http fetch GET 200 https://registry.npmjs.org/graceful-fs 70ms (cache updated)
npm http fetch GET 200 https://registry.npmjs.org/universalify 71ms (cache updated)
npm http fetch GET 200 https://registry.npmjs.org/mime-types 83ms (cache updated)
npm http fetch GET 200 https://registry.npmjs.org/jsonfile 85ms (cache updated)
npm http fetch GET 200 https://registry.npmjs.org/inherits 58ms (cache updated)
npm http fetch GET 200 https://registry.npmjs.org/inflight 65ms (cache updated)
npm http fetch GET 200 https://registry.npmjs.org/ini 77ms (cache updated)
npm http fetch GET 200 https://registry.npmjs.org/glob 9ms (cache hit)
npm http fetch GET 200 https://registry.npmjs.org/debug 11ms (cache hit)
npm http fetch GET 200 https://registry.npmjs.org/yargs 15ms (cache hit)
npm http fetch GET 200 https://registry.npmjs.org/path-is-absolute 68ms (cache updated)
npm http fetch GET 200 https://registry.npmjs.org/minimatch 71ms (cache updated)
npm http fetch GET 200 https://registry.npmjs.org/fs.realpath 183ms (cache updated)
npm http fetch GET 200 https://registry.npmjs.org/minimatch 198ms (cache updated)
npm http fetch GET 200 https://registry.npmjs.org/he 192ms (cache updated)
npm http fetch GET 200 https://registry.npmjs.org/log-symbols 9ms (cache hit)
npm http fetch GET 200 https://registry.npmjs.org/ms 194ms (cache updated)
npm http fetch GET 200 https://registry.npmjs.org/diff 204ms (cache updated)
npm http fetch GET 200 https://registry.npmjs.org/chokidar 199ms (cache updated)
npm http fetch GET 200 https://registry.npmjs.org/js-yaml 213ms (cache updated)
npm http fetch GET 200 https://registry.npmjs.org/@types%2fnode 320ms (cache updated)
npm http fetch GET 200 https://registry.npmjs.org/find-up 307ms (cache updated)
npm http fetch GET 200 https://registry.npmjs.org/strip-json-comments 139ms (cache updated)
npm http fetch GET 200 https://registry.npmjs.org/yargs-unparser 157ms (cache updated)
npm http fetch GET 200 https://registry.npmjs.org/browser-stdout 159ms (cache updated)
npm http fetch GET 200 https://registry.npmjs.org/ansi-colors 186ms (cache updated)
npm http fetch GET 200 https://registry.npmjs.org/yargs-parser 171ms (cache updated)
npm http fetch GET 200 https://registry.npmjs.org/lodash 14ms (cache hit)
npm http fetch GET 200 https://registry.npmjs.org/string-width 10ms (cache hit)
npm http fetch GET 200 https://registry.npmjs.org/bluebird 8ms (cache hit)
npm http fetch GET 200 https://registry.npmjs.org/fs-extra 5ms (cache hit)
npm http fetch GET 200 https://registry.npmjs.org/graceful-fs 3ms (cache hit)
npm http fetch GET 200 https://registry.npmjs.org/js-message 57ms (cache updated)
npm http fetch GET 200 https://registry.npmjs.org/js-queue 76ms (cache updated)
npm http fetch GET 200 https://registry.npmjs.org/escape-string-regexp 154ms (cache updated)
npm http fetch GET 200 https://registry.npmjs.org/serialize-javascript 165ms (cache updated)
npm http fetch GET 200 https://registry.npmjs.org/semver 6ms (cache hit)
npm http fetch GET 200 https://registry.npmjs.org/slice-ansi 75ms (cache updated)
npm http fetch GET 200 https://registry.npmjs.org/ajv 80ms (cache updated)
npm http fetch GET 200 https://registry.npmjs.org/duplexer2 67ms (cache updated)
npm http fetch GET 200 https://registry.npmjs.org/event-pubsub 94ms (cache updated)
npm http fetch GET 200 https://registry.npmjs.org/node-int64 59ms (cache updated)
npm http fetch GET 200 https://registry.npmjs.org/pupa 58ms (cache updated)
npm http fetch GET 200 https://registry.npmjs.org/boxen 61ms (cache updated)
npm http fetch GET 200 https://registry.npmjs.org/is-installed-globally 6ms (cache hit)
npm http fetch GET 200 https://registry.npmjs.org/execa 6ms (cache hit)
npm http fetch GET 200 https://registry.npmjs.org/is-npm 73ms (cache updated)
npm http fetch GET 200 https://registry.npmjs.org/is-in-ci 59ms (cache updated)
npm http fetch GET 200 https://registry.npmjs.org/import-lazy 58ms (cache updated)
npm http fetch GET 200 https://registry.npmjs.org/semver-diff 58ms (cache updated)
npm http fetch GET 200 https://registry.npmjs.org/xdg-basedir 57ms (cache updated)
npm http fetch GET 200 https://registry.npmjs.org/latest-version 59ms (cache updated)
npm http fetch GET 200 https://registry.npmjs.org/eyes 45ms (cache updated)
npm http fetch GET 200 https://registry.npmjs.org/find-up 5ms (cache hit)
npm http fetch GET 200 https://registry.npmjs.org/cycle 57ms (cache updated)
npm http fetch GET 200 https://registry.npmjs.org/configstore 127ms (cache updated)
npm http fetch GET 200 https://registry.npmjs.org/isstream 73ms (cache updated)
npm http fetch GET 200 https://registry.npmjs.org/colors 84ms (cache updated)
npm http fetch GET 200 https://registry.npmjs.org/yargs-parser 13ms (cache hit)
npm http fetch GET 200 https://registry.npmjs.org/set-blocking 61ms (cache updated)
npm http fetch GET 200 https://registry.npmjs.org/stack-trace 80ms (cache updated)
npm http fetch GET 200 https://registry.npmjs.org/decamelize 66ms (cache updated)
npm http fetch GET 200 https://registry.npmjs.org/y18n 79ms (cache updated)
npm http fetch GET 200 https://registry.npmjs.org/which-module 57ms (cache updated)
npm http fetch GET 200 https://registry.npmjs.org/cliui 101ms (cache updated)
npm http fetch GET 200 https://registry.npmjs.org/require-main-filename 65ms (cache updated)
npm http fetch GET 200 https://registry.npmjs.org/require-directory 75ms (cache updated)
npm http fetch GET 200 https://registry.npmjs.org/get-caller-file 80ms (cache updated)
npm http fetch GET 200 https://registry.npmjs.org/once 704ms (cache updated)
npm http fetch GET 200 https://registry.npmjs.org/workerpool 734ms (cache updated)
npm http fetch GET 200 https://registry.npmjs.org/inherits 13ms (cache hit)
npm http fetch GET 200 https://registry.npmjs.org/readable-stream 14ms (cache hit)
npm http fetch GET 200 https://registry.npmjs.org/minimatch 9ms (cache hit)
npm http fetch GET 200 https://registry.npmjs.org/lodash.isplainobject 61ms (cache updated)
npm http fetch GET 200 https://registry.npmjs.org/lodash.union 69ms (cache updated)
npm http fetch GET 200 https://registry.npmjs.org/lodash.difference 72ms (cache updated)
npm http fetch GET 200 https://registry.npmjs.org/string_decoder 72ms (cache updated)
npm http fetch GET 200 https://registry.npmjs.org/normalize-path 74ms (cache updated)
npm http fetch GET 200 https://registry.npmjs.org/lazystream 80ms (cache updated)
npm http fetch GET 200 https://registry.npmjs.org/bl 65ms (cache updated)
npm http fetch GET 200 https://registry.npmjs.org/archiver-utils 14ms (cache hit)
npm http fetch GET 200 https://registry.npmjs.org/lodash.flatten 88ms (cache updated)
npm http fetch GET 200 https://registry.npmjs.org/util-deprecate 86ms (cache updated)
npm http fetch GET 200 https://registry.npmjs.org/end-of-stream 64ms (cache updated)
npm http fetch GET 200 https://registry.npmjs.org/lodash.defaults 91ms (cache updated)
npm http fetch GET 200 https://registry.npmjs.org/fs-constants 76ms (cache updated)
npm http fetch GET 200 https://registry.npmjs.org/compress-commons 73ms (cache updated)
npm http fetch GET 200 https://registry.npmjs.org/util-deprecate 14ms (cache hit)
npm http fetch GET 200 https://registry.npmjs.org/string_decoder 14ms (cache hit)
npm http fetch GET 200 https://registry.npmjs.org/process-nextick-args 60ms (cache updated)
npm http fetch GET 200 https://registry.npmjs.org/isarray 64ms (cache updated)
npm http fetch GET 200 https://registry.npmjs.org/core-util-is 71ms (cache updated)
npm http fetch GET 200 https://registry.npmjs.org/safe-buffer 76ms (cache updated)
npm http fetch GET 200 https://registry.npmjs.org/regenerator-runtime 205ms (cache updated)
npm http fetch GET 200 https://registry.npmjs.org/event-stream 61ms (cache updated)
npm http fetch GET 200 https://registry.npmjs.org/rimraf 64ms (cache updated)
npm http fetch GET 200 https://registry.npmjs.org/color-convert 42ms (cache updated)
npm http fetch GET 200 https://registry.npmjs.org/has-flag 56ms (cache updated)
npm http fetch GET 200 https://registry.npmjs.org/color-name 54ms (cache updated)
npm http fetch GET 200 https://registry.npmjs.org/emoji-regex 66ms (cache updated)
npm http fetch GET 200 https://registry.npmjs.org/is-fullwidth-code-point 67ms (cache updated)
npm http fetch GET 200 https://registry.npmjs.org/strip-ansi 69ms (cache updated)
npm http fetch GET 200 https://registry.npmjs.org/combined-stream 23ms (cache hit)
npm http fetch GET 200 https://registry.npmjs.org/isstream 22ms (cache hit)
npm http fetch GET 200 https://registry.npmjs.org/mime-types 23ms (cache hit)
npm http fetch GET 200 https://registry.npmjs.org/safe-buffer 7ms (cache hit)
npm http fetch GET 200 https://registry.npmjs.org/forever-agent 71ms (cache updated)
npm http fetch GET 200 https://registry.npmjs.org/aws4 78ms (cache updated)
npm http fetch GET 200 https://registry.npmjs.org/aws-sign2 83ms (cache updated)
npm http fetch GET 200 https://registry.npmjs.org/extend 85ms (cache updated)
npm http fetch GET 200 https://registry.npmjs.org/caseless 95ms (cache updated)
npm http fetch GET 200 https://registry.npmjs.org/performance-now 73ms (cache updated)
npm http fetch GET 200 https://registry.npmjs.org/json-stringify-safe 97ms (cache updated)
npm http fetch GET 200 https://registry.npmjs.org/http-signature 98ms (cache updated)
npm http fetch GET 200 https://registry.npmjs.org/tough-cookie 69ms (cache updated)
npm http fetch GET 200 https://registry.npmjs.org/qs 81ms (cache updated)
npm http fetch GET 200 https://registry.npmjs.org/ansi-colors 14ms (cache hit)
npm http fetch GET 200 https://registry.npmjs.org/is-typedarray 116ms (cache updated)
npm http fetch GET 200 https://registry.npmjs.org/tunnel-agent 69ms (cache updated)
npm http fetch GET 200 https://registry.npmjs.org/base64-js 68ms (cache updated)
npm http fetch GET 200 https://registry.npmjs.org/ieee754 70ms (cache updated)
npm http fetch GET 200 https://registry.npmjs.org/restore-cursor 66ms (cache updated)
npm http fetch GET 200 https://registry.npmjs.org/lodash.once 85ms (cache updated)
npm http fetch GET 200 https://registry.npmjs.org/onetime 66ms (cache updated)
npm http fetch GET 200 https://registry.npmjs.org/is-stream 68ms (cache updated)
npm http fetch GET 200 https://registry.npmjs.org/pify 8ms (cache hit)
npm http fetch GET 200 https://registry.npmjs.org/get-stream 66ms (cache updated)
npm http fetch GET 200 https://registry.npmjs.org/signal-exit 67ms (cache updated)
npm http fetch GET 200 https://registry.npmjs.org/jsonfile 12ms (cache hit)
npm http fetch GET 200 https://registry.npmjs.org/cross-spawn 74ms (cache updated)
npm http fetch GET 200 https://registry.npmjs.org/escape-string-regexp 15ms (cache hit)
npm http fetch GET 200 https://registry.npmjs.org/universalify 11ms (cache hit)
npm http fetch GET 200 https://registry.npmjs.org/@colors%2fcolors 104ms (cache updated)
npm http fetch GET 200 https://registry.npmjs.org/merge-stream 62ms (cache updated)
npm http fetch GET 200 https://registry.npmjs.org/npm-run-path 59ms (cache updated)
npm http fetch GET 200 https://registry.npmjs.org/human-signals 61ms (cache updated)
npm http fetch GET 200 https://registry.npmjs.org/get-stream 73ms (cache updated)
npm http fetch GET 200 https://registry.npmjs.org/is-path-inside 56ms (cache updated)
npm http fetch GET 200 https://registry.npmjs.org/@types%2fyauzl 79ms (cache updated)
npm http fetch GET 200 https://registry.npmjs.org/at-least-node 64ms (cache updated)
npm http fetch GET 200 https://registry.npmjs.org/global-dirs 65ms (cache updated)
npm http fetch GET 200 https://registry.npmjs.org/rfdc 60ms (cache updated)
npm http fetch GET 200 https://registry.npmjs.org/p-map 70ms (cache updated)
npm http fetch GET 200 https://registry.npmjs.org/rxjs 77ms (cache updated)
npm http fetch GET 200 https://registry.npmjs.org/colorette 76ms (cache updated)
npm http fetch GET 200 https://registry.npmjs.org/strip-final-newline 136ms (cache updated)
npm http fetch GET 200 https://registry.npmjs.org/wrap-ansi 59ms (cache updated)
npm http fetch GET 200 https://registry.npmjs.org/through 88ms (cache updated)
npm http fetch GET 200 https://registry.npmjs.org/throttleit 53ms (cache updated)
npm http fetch GET 200 https://registry.npmjs.org/is-unicode-supported 60ms (cache updated)
npm http fetch GET 200 https://registry.npmjs.org/log-update 67ms (cache updated)
npm http fetch GET 200 https://registry.npmjs.org/fd-slicer 60ms (cache updated)
npm http fetch GET 200 https://registry.npmjs.org/cli-truncate 68ms (cache updated)
npm http fetch GET 200 https://registry.npmjs.org/delayed-stream 67ms (cache updated)
npm http fetch GET 200 https://registry.npmjs.org/jsprim 68ms (cache updated)
npm http fetch GET 200 https://registry.npmjs.org/assert-plus 72ms (cache updated)
npm http fetch GET 200 https://registry.npmjs.org/side-channel 73ms (cache updated)
npm http fetch GET 200 https://registry.npmjs.org/mime-db 75ms (cache updated)
npm http fetch GET 200 https://registry.npmjs.org/sshpk 81ms (cache updated)
npm http fetch GET 200 https://registry.npmjs.org/tldts 167ms (cache updated)
npm http fetch GET 200 https://registry.npmjs.org/ms 3ms (cache hit)
npm http fetch GET 200 https://registry.npmjs.org/tar-stream 40ms (cache hit)
npm http fetch GET 200 https://registry.npmjs.org/is-stream 43ms (cache hit)
npm http fetch GET 200 https://registry.npmjs.org/is-stream 44ms (cache hit)
npm http fetch GET 200 https://registry.npmjs.org/is-stream 44ms (cache hit)
npm http fetch GET 200 https://registry.npmjs.org/get-stream 44ms (cache hit)
npm http fetch GET 200 https://registry.npmjs.org/unbzip2-stream 105ms (cache updated)
npm http fetch GET 200 https://registry.npmjs.org/file-type 126ms (cache updated)
npm http fetch GET 200 https://registry.npmjs.org/file-type 135ms (cache updated)
npm http fetch GET 200 https://registry.npmjs.org/seek-bzip 140ms (cache updated)
npm http fetch GET 200 https://registry.npmjs.org/file-type 141ms (cache updated)
npm http fetch GET 200 https://registry.npmjs.org/is-natural-number 142ms (cache updated)
npm http fetch GET 200 https://registry.npmjs.org/file-type 187ms (cache updated)
npm http fetch GET 200 https://registry.npmjs.org/bl 12ms (cache hit)
npm http fetch GET 200 https://registry.npmjs.org/end-of-stream 14ms (cache hit)
npm http fetch GET 200 https://registry.npmjs.org/to-buffer 61ms (cache updated)
npm http fetch GET 200 https://registry.npmjs.org/xtend 66ms (cache updated)
npm http fetch GET 200 https://registry.npmjs.org/buffer-alloc 69ms (cache updated)
npm http fetch GET 200 https://registry.npmjs.org/commander 5ms (cache hit)
npm http fetch GET 200 https://registry.npmjs.org/pinkie-promise 64ms (cache updated)
npm http fetch GET 200 https://registry.npmjs.org/object-assign 80ms (cache updated)
npm http fetch GET 200 https://registry.npmjs.org/ansi-regex 78ms (cache updated)
npm http fetch GET 200 https://registry.npmjs.org/shebang-command 60ms (cache updated)
npm http fetch GET 200 https://registry.npmjs.org/which 75ms (cache updated)
npm http fetch GET 200 https://registry.npmjs.org/path-key 79ms (cache updated)
npm http fetch GET 200 https://registry.npmjs.org/path-key 83ms (cache updated)
npm http fetch GET 200 https://registry.npmjs.org/mimic-fn 83ms (cache updated)
npm http fetch GET 200 https://registry.npmjs.org/pump 85ms (cache updated)
npm http fetch GET 200 https://registry.npmjs.org/isexe 57ms (cache updated)
npm http fetch GET 200 https://registry.npmjs.org/shebang-regex 60ms (cache updated)
npm http fetch GET 200 https://registry.npmjs.org/@types%2fnode 24ms (cache hit)
npm http fetch GET 200 https://registry.npmjs.org/undici-types 89ms (cache updated)
npm http fetch GET 200 https://registry.npmjs.org/pinkie 66ms (cache updated)
npm http fetch GET 200 https://registry.npmjs.org/wrappy 60ms (cache updated)
npm http fetch GET 200 https://registry.npmjs.org/wrappy 60ms (cache updated)
npm http fetch GET 200 https://registry.npmjs.org/brace-expansion 62ms (cache updated)
npm http fetch GET 200 https://registry.npmjs.org/ecc-jsbn 80ms (cache updated)
npm http fetch GET 200 https://registry.npmjs.org/jsbn 87ms (cache updated)
npm http fetch GET 200 https://registry.npmjs.org/tweetnacl 88ms (cache updated)
npm http fetch GET 200 https://registry.npmjs.org/bcrypt-pbkdf 88ms (cache updated)
npm http fetch GET 200 https://registry.npmjs.org/asn1 90ms (cache updated)
npm http fetch GET 200 https://registry.npmjs.org/safer-buffer 90ms (cache updated)
npm http fetch GET 200 https://registry.npmjs.org/getpass 90ms (cache updated)
npm http fetch GET 200 https://registry.npmjs.org/verror 93ms (cache updated)
npm http fetch GET 200 https://registry.npmjs.org/dashdash 95ms (cache updated)
npm http fetch GET 200 https://registry.npmjs.org/extsprintf 97ms (cache updated)
npm http fetch GET 200 https://registry.npmjs.org/json-schema 124ms (cache updated)
npm http fetch GET 200 https://registry.npmjs.org/ini 8ms (cache hit)
npm http fetch GET 200 https://registry.npmjs.org/core-util-is 6ms (cache hit)
npm http fetch GET 200 https://registry.npmjs.org/wrap-ansi 12ms (cache hit)
npm http fetch GET 200 https://registry.npmjs.org/slice-ansi 14ms (cache hit)
npm http fetch GET 200 https://registry.npmjs.org/slice-ansi 14ms (cache hit)
npm http fetch GET 200 https://registry.npmjs.org/ansi-escapes 76ms (cache updated)
npm http fetch GET 200 https://registry.npmjs.org/aggregate-error 78ms (cache updated)
npm http fetch GET 200 https://registry.npmjs.org/tslib 80ms (cache updated)
npm http fetch GET 200 https://registry.npmjs.org/astral-regex 57ms (cache updated)
npm http fetch GET 200 https://registry.npmjs.org/type-fest 67ms (cache updated)
npm http fetch GET 200 https://registry.npmjs.org/concat-map 65ms (cache updated)
npm http fetch GET 200 https://registry.npmjs.org/balanced-match 68ms (cache updated)
npm http fetch GET 200 https://registry.npmjs.org/brace-expansion 15ms (cache hit)
npm http fetch GET 200 https://registry.npmjs.org/readdirp 59ms (cache updated)
npm http fetch GET 200 https://registry.npmjs.org/fsevents 66ms (cache updated)
npm http fetch GET 200 https://registry.npmjs.org/locate-path 69ms (cache updated)
npm http fetch GET 200 https://registry.npmjs.org/argparse 77ms (cache updated)
npm http fetch GET 200 https://registry.npmjs.org/y18n 18ms (cache hit)
npm http fetch GET 200 https://registry.npmjs.org/is-binary-path 81ms (cache updated)
npm http fetch GET 200 https://registry.npmjs.org/path-exists 82ms (cache updated)
npm http fetch GET 200 https://registry.npmjs.org/cliui 16ms (cache hit)
npm http fetch GET 200 https://registry.npmjs.org/glob-parent 88ms (cache updated)
npm http fetch GET 200 https://registry.npmjs.org/anymatch 89ms (cache updated)
npm http fetch GET 200 https://registry.npmjs.org/is-glob 92ms (cache updated)
npm http fetch GET 200 https://registry.npmjs.org/get-caller-file 17ms (cache hit)
npm http fetch GET 200 https://registry.npmjs.org/decamelize 16ms (cache hit)
npm http fetch GET 200 https://registry.npmjs.org/randombytes 83ms (cache updated)
npm http fetch GET 200 https://registry.npmjs.org/braces 115ms (cache updated)
npm http fetch GET 200 https://registry.npmjs.org/escalade 66ms (cache updated)
npm http fetch GET 200 https://registry.npmjs.org/is-plain-obj 65ms (cache updated)
npm http fetch GET 200 https://registry.npmjs.org/flat 70ms (cache updated)
npm http fetch GET 200 https://registry.npmjs.org/camelcase 77ms (cache updated)
npm http fetch GET 200 https://registry.npmjs.org/is-glob 13ms (cache hit)
npm http fetch GET 200 https://registry.npmjs.org/is-extglob 68ms (cache updated)
npm http fetch GET 200 https://registry.npmjs.org/picomatch 70ms (cache updated)
npm http fetch GET 200 https://registry.npmjs.org/binary-extensions 71ms (cache updated)
npm http fetch GET 200 https://registry.npmjs.org/picomatch 74ms (cache updated)
npm http fetch GET 200 https://registry.npmjs.org/fill-range 81ms (cache updated)
npm http fetch GET 200 https://registry.npmjs.org/to-regex-range 67ms (cache updated)
npm http fetch GET 200 https://registry.npmjs.org/is-number 61ms (cache updated)
npm http fetch GET 200 https://registry.npmjs.org/p-locate 75ms (cache updated)
npm http fetch GET 200 https://registry.npmjs.org/p-limit 57ms (cache updated)
npm http fetch GET 200 https://registry.npmjs.org/easy-stack 650ms (cache updated)
npm http fetch GET 200 https://registry.npmjs.org/yocto-queue 69ms (cache updated)
npm http fetch GET 200 https://registry.npmjs.org/clean-stack 60ms (cache updated)
npm http fetch GET 200 https://registry.npmjs.org/indent-string 62ms (cache updated)
npm http fetch GET 200 https://registry.npmjs.org/split 60ms (cache updated)
npm http fetch GET 200 https://registry.npmjs.org/duplexer 63ms (cache updated)
npm http fetch GET 200 https://registry.npmjs.org/pause-stream 63ms (cache updated)
npm http fetch GET 200 https://registry.npmjs.org/from 66ms (cache updated)
npm http fetch GET 200 https://registry.npmjs.org/map-stream 69ms (cache updated)
npm http fetch GET 200 https://registry.npmjs.org/stream-combiner 95ms (cache updated)
npm http fetch GET 200 https://registry.npmjs.org/es-errors 65ms (cache updated)
npm http fetch GET 200 https://registry.npmjs.org/object-inspect 68ms (cache updated)
npm http fetch GET 200 https://registry.npmjs.org/side-channel-map 70ms (cache updated)
npm http fetch GET 200 https://registry.npmjs.org/side-channel-weakmap 71ms (cache updated)
npm http fetch GET 200 https://registry.npmjs.org/side-channel-list 72ms (cache updated)
npm http fetch GET 200 https://registry.npmjs.org/get-intrinsic 65ms (cache updated)
npm http fetch GET 200 https://registry.npmjs.org/get-intrinsic 67ms (cache updated)
npm http fetch GET 200 https://registry.npmjs.org/call-bound 70ms (cache updated)
npm http fetch GET 200 https://registry.npmjs.org/call-bound 90ms (cache updated)
npm http fetch GET 200 https://registry.npmjs.org/get-intrinsic 19ms (cache hit)
npm http fetch GET 200 https://registry.npmjs.org/get-proto 67ms (cache miss)
npm http fetch GET 200 https://registry.npmjs.org/gopd 71ms (cache updated)
npm http fetch GET 200 https://registry.npmjs.org/call-bind-apply-helpers 73ms (cache updated)
npm http fetch GET 200 https://registry.npmjs.org/call-bind-apply-helpers 78ms (cache updated)
npm http fetch GET 200 https://registry.npmjs.org/es-define-property 79ms (cache updated)
npm http fetch GET 200 https://registry.npmjs.org/math-intrinsics 81ms (cache updated)
npm http fetch GET 200 https://registry.npmjs.org/function-bind 84ms (cache updated)
npm http fetch GET 200 https://registry.npmjs.org/es-object-atoms 86ms (cache updated)
npm http fetch GET 200 https://registry.npmjs.org/hasown 85ms (cache updated)
npm http fetch GET 200 https://registry.npmjs.org/has-symbols 87ms (cache updated)
npm http fetch GET 200 https://registry.npmjs.org/dunder-proto 52ms (cache updated)
npm http fetch GET 200 https://registry.npmjs.org/tweetnacl 8ms (cache hit)
npm http fetch GET 200 https://registry.npmjs.org/safer-buffer 10ms (cache hit)
npm http fetch GET 200 https://registry.npmjs.org/safer-buffer 11ms (cache hit)
npm http fetch GET 200 https://registry.npmjs.org/is-fullwidth-code-point 14ms (cache hit)
npm http fetch GET 200 https://registry.npmjs.org/ansi-styles 16ms (cache hit)
npm http fetch GET 200 https://registry.npmjs.org/astral-regex 17ms (cache hit)
npm http fetch GET 200 https://registry.npmjs.org/is-fullwidth-code-point 17ms (cache hit)
npm http fetch GET 200 https://registry.npmjs.org/strip-ansi 17ms (cache hit)
npm http fetch GET 200 https://registry.npmjs.org/emoji-regex 18ms (cache hit)
npm http fetch GET 200 https://registry.npmjs.org/json-schema-traverse 70ms (cache updated)
npm http fetch GET 200 https://registry.npmjs.org/uri-js 71ms (cache updated)
npm http fetch GET 200 https://registry.npmjs.org/fast-deep-equal 72ms (cache updated)
npm http fetch GET 200 https://registry.npmjs.org/fast-json-stable-stringify 80ms (cache updated)
npm http fetch GET 200 https://registry.npmjs.org/punycode 49ms (cache updated)
npm http fetch GET 200 https://registry.npmjs.org/tldts-core 127ms (cache updated)
npm http fetch GET 200 https://registry.npmjs.org/xdg-basedir 14ms (cache hit)
npm http fetch GET 200 https://registry.npmjs.org/camelcase 16ms (cache hit)
npm http fetch GET 200 https://registry.npmjs.org/type-fest 17ms (cache hit)
npm http fetch GET 200 https://registry.npmjs.org/cli-boxes 71ms (cache updated)
npm http fetch GET 200 https://registry.npmjs.org/widest-line 71ms (cache updated)
npm http fetch GET 200 https://registry.npmjs.org/ansi-align 73ms (cache updated)
npm http fetch GET 200 https://registry.npmjs.org/unique-string 73ms (cache updated)
npm http fetch GET 200 https://registry.npmjs.org/dot-prop 74ms (cache updated)
npm http fetch GET 200 https://registry.npmjs.org/escape-goat 75ms (cache updated)
npm http fetch GET 200 https://registry.npmjs.org/write-file-atomic 76ms (cache updated)
npm http fetch GET 200 https://registry.npmjs.org/package-json 688ms (cache updated)
npm http fetch GET 200 https://registry.npmjs.org/eastasianwidth 80ms (cache updated)
npm http fetch GET 200 https://registry.npmjs.org/typedarray-to-buffer 61ms (cache updated)
npm http fetch GET 200 https://registry.npmjs.org/imurmurhash 63ms (cache updated)
npm http fetch GET 200 https://registry.npmjs.org/is-obj 97ms (cache updated)
npm http fetch GET 200 https://registry.npmjs.org/crypto-random-string 97ms (cache updated)
npm http fetch GET 200 https://registry.npmjs.org/registry-url 65ms (cache updated)
npm http fetch GET 200 https://registry.npmjs.org/registry-auth-token 67ms (cache updated)
npm http fetch GET 200 https://registry.npmjs.org/got 72ms (cache updated)
npm http fetch GET 200 https://registry.npmjs.org/lowercase-keys 102ms (cache updated)
npm http fetch GET 200 https://registry.npmjs.org/p-cancelable 105ms (cache updated)
npm http fetch GET 200 https://registry.npmjs.org/responselike 107ms (cache updated)
npm http fetch GET 200 https://registry.npmjs.org/cacheable-lookup 105ms (cache updated)
npm http fetch GET 200 https://registry.npmjs.org/@pnpm%2fnpm-conf 107ms (cache updated)
npm http fetch GET 200 https://registry.npmjs.org/http2-wrapper 110ms (cache updated)
npm http fetch GET 200 https://registry.npmjs.org/@szmarczak%2fhttp-timer 110ms (cache updated)
npm http fetch GET 200 https://registry.npmjs.org/form-data-encoder 111ms (cache updated)
npm http fetch GET 200 https://registry.npmjs.org/@sindresorhus%2fis 114ms (cache updated)
npm http fetch GET 200 https://registry.npmjs.org/rc 62ms (cache updated)
npm http fetch GET 200 https://registry.npmjs.org/decompress-response 193ms (cache updated)
npm http fetch GET 200 https://registry.npmjs.org/cacheable-request 703ms (cache updated)
npm http fetch GET 200 https://registry.npmjs.org/http-cache-semantics 117ms (cache updated)
npm http fetch GET 200 https://registry.npmjs.org/normalize-url 129ms (cache updated)
npm http fetch GET 200 https://registry.npmjs.org/keyv 132ms (cache updated)
npm http fetch GET 200 https://registry.npmjs.org/mimic-response 134ms (cache updated)
npm http fetch GET 200 https://registry.npmjs.org/@types%2fhttp-cache-semantics 135ms (cache updated)
npm http fetch GET 200 https://registry.npmjs.org/defer-to-connect 151ms (cache updated)
npm http fetch GET 200 https://registry.npmjs.org/quick-lru 151ms (cache updated)
npm http fetch GET 200 https://registry.npmjs.org/mimic-response 152ms (cache updated)
npm http fetch GET 200 https://registry.npmjs.org/resolve-alpn 172ms (cache updated)
npm http fetch GET 200 https://registry.npmjs.org/json-buffer 51ms (cache updated)
npm http fetch GET 200 https://registry.npmjs.org/config-chain 45ms (cache updated)
npm http fetch GET 200 https://registry.npmjs.org/@pnpm%2fconfig.env-replace 71ms (cache updated)
npm http fetch GET 200 https://registry.npmjs.org/@pnpm%2fnetwork.ca-file 72ms (cache updated)
npm http fetch GET 200 https://registry.npmjs.org/proto-list 67ms (cache updated)
npm http fetch GET 200 https://registry.npmjs.org/strip-json-comments 6ms (cache hit)
npm http fetch GET 200 https://registry.npmjs.org/deep-extend 66ms (cache updated)
npm http fetch GET 200 https://registry.npmjs.org/human-signals 15ms (cache hit)
npm http fetch GET 200 https://registry.npmjs.org/locate-path 4ms (cache hit)
npm http fetch GET 200 https://registry.npmjs.org/ansi-regex 3ms (cache hit)
npm http fetch GET 200 https://registry.npmjs.org/pend 59ms (cache updated)
npm http fetch GET 200 https://registry.npmjs.org/crc32-stream 80ms (cache updated)
npm http fetch GET 200 https://registry.npmjs.org/crc-32 74ms (cache updated)
npm http fetch GET 200 https://registry.npmjs.org/color-convert 5ms (cache hit)
npm http fetch GET 200 https://registry.npmjs.org/color-name 3ms (cache hit)
npm http fetch GET 200 https://registry.npmjs.org/buffer-fill 60ms (cache updated)
npm http fetch GET 200 https://registry.npmjs.org/buffer-alloc-unsafe 63ms (cache updated)
npm http fetch GET 200 https://registry.npmjs.org/p-locate 5ms (cache hit)
npm http fetch GET 200 https://registry.npmjs.org/path-exists 5ms (cache hit)
npm http fetch GET 200 https://registry.npmjs.org/p-limit 2ms (cache hit)
npm http fetch GET 200 https://registry.npmjs.org/p-try 60ms (cache updated)
npm verbose reify failed optional dependency C:\automacao2\tmpBstackPackages\node_modules\fsevents
npm http fetch POST 200 https://registry.npmjs.org/-/npm/v1/security/advisories/bulk 439ms
npm http fetch GET 200 https://registry.npmjs.org/get-proto/-/get-proto-1.0.1.tgz 775ms (cache miss)
npm http fetch GET 200 https://registry.npmjs.org/get-intrinsic/-/get-intrinsic-1.2.7.tgz 777ms (cache miss)
npm http fetch GET 200 https://registry.npmjs.org/math-intrinsics/-/math-intrinsics-1.1.0.tgz 780ms (cache miss)
npm warn deprecated inflight@1.0.6: This module is not supported, and leaks memory. Do not use it. Check out lru-cache if you want a good and tested way to coalesce async requests by a key value, which is much more comprehensive and powerful.
npm warn deprecated rimraf@2.5.4: Rimraf versions prior to v4 are no longer supported
npm warn deprecated glob@7.2.3: Glob versions prior to v9 are no longer supported
npm warn deprecated glob@8.1.0: Glob versions prior to v9 are no longer supported
npm http fetch GET 200 https://registry.npmjs.org/tldts-core/-/tldts-core-6.1.71.tgz 1908ms (cache miss)
npm http fetch GET 200 https://registry.npmjs.org/tldts/-/tldts-6.1.71.tgz 1918ms (cache miss)
npm http fetch GET 200 https://registry.npmjs.org/@types/node/-/node-22.10.5.tgz 1981ms (cache miss)
npm info run cypress@13.17.0 postinstall node_modules/cypress node index.js --exec install
npm info run cypress@13.17.0 postinstall { code: 0, signal: null }

added 466 packages, and audited 467 packages in 17s

96 packages are looking for funding
  run `npm fund` for details

found 0 vulnerabilities
npm verbose cwd C:\automacao2\tmpBstackPackages
npm verbose os Windows_NT 10.0.22631
npm verbose node v22.11.0
npm verbose npm  v10.9.0
npm verbose exit 0
npm info ok
